# JRE version: OpenJDK Runtime Environment Temurin-21.0.8+9 (21.0.8+9) (build 21.0.8+9-LTS)
# Java VM: OpenJDK 64-Bit Server VM Temurin-21.0.8+9 (21.0.8+9-LTS, mixed mode, sharing, tiered, compressed oops, compressed class ptrs, parallel gc, windows-amd64)
GC Precious Log:
 CardTable entry size: 512
 CPUs: 8 total, 8 available
 Memory: 7959M
 Large Page Support: Disabled
 NUMA Support: Disabled
 Compressed Oops: Enabled (32-bit)
 Alignments: Space 512K, Generation 512K, Heap 2M
 Heap Min Capacity: 100M
 Heap Initial Capacity: 100M
 Heap Max Capacity: 2G
 Pre-touch: Disabled
 Parallel Workers: 8
Heap:
 PSYoungGen      total 3072K, used 2003K [0x00000000d5580000, 0x00000000d5a00000, 0x0000000100000000)
  eden space 2048K, 64% used [0x00000000d5580000,0x00000000d56c8d60,0x00000000d5780000)
  from space 1024K, 67% used [0x00000000d5780000,0x00000000d582c010,0x00000000d5880000)
  to   space 1024K, 0% used [0x00000000d5900000,0x00000000d5900000,0x00000000d5a00000)
 ParOldGen       total 528384K, used 495289K [0x0000000080000000, 0x00000000a0400000, 0x00000000d5580000)
  object space 528384K, 93% used [0x0000000080000000,0x000000009e3ae510,0x00000000a0400000)
 Metaspace       used 85508K, committed 87168K, reserved 1179648K
  class space    used 8956K, committed 9664K, reserved 1048576K
GC Heap History (20 events):
Event: 4444.420 GC heap before
{Heap before GC invocations=1210 (full 4):
 PSYoungGen      total 3584K, used 2272K [0x00000000d5580000, 0x00000000d5a00000, 0x0000000100000000)
  eden space 2048K, 100% used [0x00000000d5580000,0x00000000d5780000,0x00000000d5780000)
  from space 1536K, 14% used [0x00000000d5780000,0x00000000d57b8000,0x00000000d5900000)
  to   space 512K, 0% used [0x00000000d5980000,0x00000000d5980000,0x00000000d5a00000)
 ParOldGen       total 528384K, used 491750K [0x0000000080000000, 0x00000000a0400000, 0x00000000d5580000)
  object space 528384K, 93% used [0x0000000080000000,0x000000009e039be0,0x00000000a0400000)
 Metaspace       used 85493K, committed 87104K, reserved 1179648K
  class space    used 8956K, committed 9664K, reserved 1048576K
}
Event: 4444.421 GC heap after
{Heap after GC invocations=1210 (full 4):
 PSYoungGen      total 2560K, used 512K [0x00000000d5580000, 0x00000000d5a00000, 0x0000000100000000)
  eden space 2048K, 0% used [0x00000000d5580000,0x00000000d5580000,0x00000000d5780000)
  from space 512K, 100% used [0x00000000d5980000,0x00000000d5a00000,0x00000000d5a00000)
  to   space 1024K, 0% used [0x00000000d5800000,0x00000000d5800000,0x00000000d5900000)
 ParOldGen       total 528384K, used 491822K [0x0000000080000000, 0x00000000a0400000, 0x00000000d5580000)
  object space 528384K, 93% used [0x0000000080000000,0x000000009e04bbf0,0x00000000a0400000)
 Metaspace       used 85493K, committed 87104K, reserved 1179648K
  class space    used 8956K, committed 9664K, reserved 1048576K
}
Event: 4444.428 GC heap before
{Heap before GC invocations=1211 (full 4):
 PSYoungGen      total 2560K, used 2560K [0x00000000d5580000, 0x00000000d5a00000, 0x0000000100000000)
  eden space 2048K, 100% used [0x00000000d5580000,0x00000000d5780000,0x00000000d5780000)
  from space 512K, 100% used [0x00000000d5980000,0x00000000d5a00000,0x00000000d5a00000)
  to   space 1024K, 0% used [0x00000000d5800000,0x00000000d5800000,0x00000000d5900000)
 ParOldGen       total 528384K, used 491822K [0x0000000080000000, 0x00000000a0400000, 0x00000000d5580000)
  object space 528384K, 93% used [0x0000000080000000,0x000000009e04bbf0,0x00000000a0400000)
 Metaspace       used 85499K, committed 87104K, reserved 1179648K
  class space    used 8956K, committed 9664K, reserved 1048576K
}
Event: 4444.430 GC heap after
{Heap after GC invocations=1211 (full 4):
 PSYoungGen      total 3072K, used 800K [0x00000000d5580000, 0x00000000d5a00000, 0x0000000100000000)
  eden space 2048K, 0% used [0x00000000d5580000,0x00000000d5580000,0x00000000d5780000)
  from space 1024K, 78% used [0x00000000d5800000,0x00000000d58c8000,0x00000000d5900000)
  to   space 1024K, 0% used [0x00000000d5900000,0x00000000d5900000,0x00000000d5a00000)
 ParOldGen       total 528384K, used 492233K [0x0000000080000000, 0x00000000a0400000, 0x00000000d5580000)
  object space 528384K, 93% used [0x0000000080000000,0x000000009e0b27a0,0x00000000a0400000)
 Metaspace       used 85499K, committed 87104K, reserved 1179648K
  class space    used 8956K, committed 9664K, reserved 1048576K
}
Event: 4444.954 GC heap before
{Heap before GC invocations=1212 (full 4):
 PSYoungGen      total 3072K, used 2848K [0x00000000d5580000, 0x00000000d5a00000, 0x0000000100000000)
  eden space 2048K, 100% used [0x00000000d5580000,0x00000000d5780000,0x00000000d5780000)
  from space 1024K, 78% used [0x00000000d5800000,0x00000000d58c8000,0x00000000d5900000)
  to   space 1024K, 0% used [0x00000000d5900000,0x00000000d5900000,0x00000000d5a00000)
 ParOldGen       total 528384K, used 492233K [0x0000000080000000, 0x00000000a0400000, 0x00000000d5580000)
  object space 528384K, 93% used [0x0000000080000000,0x000000009e0b27a0,0x00000000a0400000)
 Metaspace       used 85507K, committed 87168K, reserved 1179648K
  class space    used 8956K, committed 9664K, reserved 1048576K
}
Event: 4444.956 GC heap after
{Heap after GC invocations=1212 (full 4):
 PSYoungGen      total 2560K, used 256K [0x00000000d5580000, 0x00000000d5980000, 0x0000000100000000)
  eden space 2048K, 0% used [0x00000000d5580000,0x00000000d5580000,0x00000000d5780000)
  from space 512K, 50% used [0x00000000d5900000,0x00000000d5940000,0x00000000d5980000)
  to   space 512K, 0% used [0x00000000d5880000,0x00000000d5880000,0x00000000d5900000)
 ParOldGen       total 528384K, used 492885K [0x0000000080000000, 0x00000000a0400000, 0x00000000d5580000)
  object space 528384K, 93% used [0x0000000080000000,0x000000009e1557b0,0x00000000a0400000)
 Metaspace       used 85507K, committed 87168K, reserved 1179648K
  class space    used 8956K, committed 9664K, reserved 1048576K
}
Event: 4445.244 GC heap before
{Heap before GC invocations=1213 (full 4):
 PSYoungGen      total 2560K, used 2304K [0x00000000d5580000, 0x00000000d5980000, 0x0000000100000000)
  eden space 2048K, 100% used [0x00000000d5580000,0x00000000d5780000,0x00000000d5780000)
  from space 512K, 50% used [0x00000000d5900000,0x00000000d5940000,0x00000000d5980000)
  to   space 512K, 0% used [0x00000000d5880000,0x00000000d5880000,0x00000000d5900000)
 ParOldGen       total 528384K, used 492885K [0x0000000080000000, 0x00000000a0400000, 0x00000000d5580000)
  object space 528384K, 93% used [0x0000000080000000,0x000000009e1557b0,0x00000000a0400000)
 Metaspace       used 85507K, committed 87168K, reserved 1179648K
  class space    used 8956K, committed 9664K, reserved 1048576K
}
Event: 4445.246 GC heap after
{Heap after GC invocations=1213 (full 4):
 PSYoungGen      total 2560K, used 245K [0x00000000d5580000, 0x00000000d5980000, 0x0000000100000000)
  eden space 2048K, 0% used [0x00000000d5580000,0x00000000d5580000,0x00000000d5780000)
  from space 512K, 48% used [0x00000000d5880000,0x00000000d58bd720,0x00000000d5900000)
  to   space 512K, 0% used [0x00000000d5900000,0x00000000d5900000,0x00000000d5980000)
 ParOldGen       total 528384K, used 492949K [0x0000000080000000, 0x00000000a0400000, 0x00000000d5580000)
  object space 528384K, 93% used [0x0000000080000000,0x000000009e1657b0,0x00000000a0400000)
 Metaspace       used 85507K, committed 87168K, reserved 1179648K
  class space    used 8956K, committed 9664K, reserved 1048576K
}
Event: 4445.369 GC heap before
{Heap before GC invocations=1214 (full 4):
 PSYoungGen      total 2560K, used 2293K [0x00000000d5580000, 0x00000000d5980000, 0x0000000100000000)
  eden space 2048K, 100% used [0x00000000d5580000,0x00000000d5780000,0x00000000d5780000)
  from space 512K, 48% used [0x00000000d5880000,0x00000000d58bd720,0x00000000d5900000)
  to   space 512K, 0% used [0x00000000d5900000,0x00000000d5900000,0x00000000d5980000)
 ParOldGen       total 528384K, used 492949K [0x0000000080000000, 0x00000000a0400000, 0x00000000d5580000)
  object space 528384K, 93% used [0x0000000080000000,0x000000009e1657b0,0x00000000a0400000)
 Metaspace       used 85507K, committed 87168K, reserved 1179648K
  class space    used 8956K, committed 9664K, reserved 1048576K
}
Event: 4445.371 GC heap after
{Heap after GC invocations=1214 (full 4):
 PSYoungGen      total 2560K, used 160K [0x00000000d5580000, 0x00000000d5980000, 0x0000000100000000)
  eden space 2048K, 0% used [0x00000000d5580000,0x00000000d5580000,0x00000000d5780000)
  from space 512K, 31% used [0x00000000d5900000,0x00000000d5928000,0x00000000d5980000)
  to   space 512K, 0% used [0x00000000d5880000,0x00000000d5880000,0x00000000d5900000)
 ParOldGen       total 528384K, used 492965K [0x0000000080000000, 0x00000000a0400000, 0x00000000d5580000)
  object space 528384K, 93% used [0x0000000080000000,0x000000009e1697b0,0x00000000a0400000)
 Metaspace       used 85507K, committed 87168K, reserved 1179648K
  class space    used 8956K, committed 9664K, reserved 1048576K
}
Event: 4450.265 GC heap before
{Heap before GC invocations=1215 (full 4):
 PSYoungGen      total 2560K, used 2207K [0x00000000d5580000, 0x00000000d5980000, 0x0000000100000000)
  eden space 2048K, 99% used [0x00000000d5580000,0x00000000d577ffd0,0x00000000d5780000)
  from space 512K, 31% used [0x00000000d5900000,0x00000000d5928000,0x00000000d5980000)
  to   space 512K, 0% used [0x00000000d5880000,0x00000000d5880000,0x00000000d5900000)
 ParOldGen       total 528384K, used 492965K [0x0000000080000000, 0x00000000a0400000, 0x00000000d5580000)
  object space 528384K, 93% used [0x0000000080000000,0x000000009e1697b0,0x00000000a0400000)
 Metaspace       used 85507K, committed 87168K, reserved 1179648K
  class space    used 8956K, committed 9664K, reserved 1048576K
}
Event: 4450.267 GC heap after
{Heap after GC invocations=1215 (full 4):
 PSYoungGen      total 2560K, used 481K [0x00000000d5580000, 0x00000000d5980000, 0x0000000100000000)
  eden space 2048K, 0% used [0x00000000d5580000,0x00000000d5580000,0x00000000d5780000)
  from space 512K, 94% used [0x00000000d5880000,0x00000000d58f8738,0x00000000d5900000)
  to   space 512K, 0% used [0x00000000d5900000,0x00000000d5900000,0x00000000d5980000)
 ParOldGen       total 528384K, used 492973K [0x0000000080000000, 0x00000000a0400000, 0x00000000d5580000)
  object space 528384K, 93% used [0x0000000080000000,0x000000009e16b7b0,0x00000000a0400000)
 Metaspace       used 85507K, committed 87168K, reserved 1179648K
  class space    used 8956K, committed 9664K, reserved 1048576K
}
Event: 4450.276 GC heap before
{Heap before GC invocations=1216 (full 4):
 PSYoungGen      total 2560K, used 2529K [0x00000000d5580000, 0x00000000d5980000, 0x0000000100000000)
  eden space 2048K, 100% used [0x00000000d5580000,0x00000000d5780000,0x00000000d5780000)
  from space 512K, 94% used [0x00000000d5880000,0x00000000d58f8738,0x00000000d5900000)
  to   space 512K, 0% used [0x00000000d5900000,0x00000000d5900000,0x00000000d5980000)
 ParOldGen       total 528384K, used 492973K [0x0000000080000000, 0x00000000a0400000, 0x00000000d5580000)
  object space 528384K, 93% used [0x0000000080000000,0x000000009e16b7b0,0x00000000a0400000)
 Metaspace       used 85507K, committed 87168K, reserved 1179648K
  class space    used 8956K, committed 9664K, reserved 1048576K
}
Event: 4450.280 GC heap after
{Heap after GC invocations=1216 (full 4):
 PSYoungGen      total 2560K, used 480K [0x00000000d5580000, 0x00000000d5a80000, 0x0000000100000000)
  eden space 2048K, 0% used [0x00000000d5580000,0x00000000d5580000,0x00000000d5780000)
  from space 512K, 93% used [0x00000000d5900000,0x00000000d5978010,0x00000000d5980000)
  to   space 1536K, 0% used [0x00000000d5780000,0x00000000d5780000,0x00000000d5900000)
 ParOldGen       total 528384K, used 493446K [0x0000000080000000, 0x00000000a0400000, 0x00000000d5580000)
  object space 528384K, 93% used [0x0000000080000000,0x000000009e1e1948,0x00000000a0400000)
 Metaspace       used 85507K, committed 87168K, reserved 1179648K
  class space    used 8956K, committed 9664K, reserved 1048576K
}
Event: 4450.288 GC heap before
{Heap before GC invocations=1217 (full 4):
 PSYoungGen      total 2560K, used 2528K [0x00000000d5580000, 0x00000000d5a80000, 0x0000000100000000)
  eden space 2048K, 100% used [0x00000000d5580000,0x00000000d5780000,0x00000000d5780000)
  from space 512K, 93% used [0x00000000d5900000,0x00000000d5978010,0x00000000d5980000)
  to   space 1536K, 0% used [0x00000000d5780000,0x00000000d5780000,0x00000000d5900000)
 ParOldGen       total 528384K, used 493446K [0x0000000080000000, 0x00000000a0400000, 0x00000000d5580000)
  object space 528384K, 93% used [0x0000000080000000,0x000000009e1e1948,0x00000000a0400000)
 Metaspace       used 85507K, committed 87168K, reserved 1179648K
  class space    used 8956K, committed 9664K, reserved 1048576K
}
Event: 4450.291 GC heap after
{Heap after GC invocations=1217 (full 4):
 PSYoungGen      total 3072K, used 689K [0x00000000d5580000, 0x00000000d5980000, 0x0000000100000000)
  eden space 2048K, 0% used [0x00000000d5580000,0x00000000d5580000,0x00000000d5780000)
  from space 1024K, 67% used [0x00000000d5780000,0x00000000d582c748,0x00000000d5880000)
  to   space 1024K, 0% used [0x00000000d5880000,0x00000000d5880000,0x00000000d5980000)
 ParOldGen       total 528384K, used 493948K [0x0000000080000000, 0x00000000a0400000, 0x00000000d5580000)
  object space 528384K, 93% used [0x0000000080000000,0x000000009e25f0d8,0x00000000a0400000)
 Metaspace       used 85507K, committed 87168K, reserved 1179648K
  class space    used 8956K, committed 9664K, reserved 1048576K
}
Event: 4450.301 GC heap before
{Heap before GC invocations=1218 (full 4):
 PSYoungGen      total 3072K, used 2737K [0x00000000d5580000, 0x00000000d5980000, 0x0000000100000000)
  eden space 2048K, 100% used [0x00000000d5580000,0x00000000d5780000,0x00000000d5780000)
  from space 1024K, 67% used [0x00000000d5780000,0x00000000d582c748,0x00000000d5880000)
  to   space 1024K, 0% used [0x00000000d5880000,0x00000000d5880000,0x00000000d5980000)
 ParOldGen       total 528384K, used 493948K [0x0000000080000000, 0x00000000a0400000, 0x00000000d5580000)
  object space 528384K, 93% used [0x0000000080000000,0x000000009e25f0d8,0x00000000a0400000)
 Metaspace       used 85508K, committed 87168K, reserved 1179648K
  class space    used 8956K, committed 9664K, reserved 1048576K
}
Event: 4450.310 GC heap after
{Heap after GC invocations=1218 (full 4):
 PSYoungGen      total 3072K, used 848K [0x00000000d5580000, 0x00000000d5a00000, 0x0000000100000000)
  eden space 2048K, 0% used [0x00000000d5580000,0x00000000d5580000,0x00000000d5780000)
  from space 1024K, 82% used [0x00000000d5880000,0x00000000d5954030,0x00000000d5980000)
  to   space 1024K, 0% used [0x00000000d5780000,0x00000000d5780000,0x00000000d5880000)
 ParOldGen       total 528384K, used 494513K [0x0000000080000000, 0x00000000a0400000, 0x00000000d5580000)
  object space 528384K, 93% used [0x0000000080000000,0x000000009e2ec4e0,0x00000000a0400000)
 Metaspace       used 85508K, committed 87168K, reserved 1179648K
  class space    used 8956K, committed 9664K, reserved 1048576K
}
Event: 4450.322 GC heap before
{Heap before GC invocations=1219 (full 4):
 PSYoungGen      total 3072K, used 2896K [0x00000000d5580000, 0x00000000d5a00000, 0x0000000100000000)
  eden space 2048K, 99% used [0x00000000d5580000,0x00000000d577fff0,0x00000000d5780000)
  from space 1024K, 82% used [0x00000000d5880000,0x00000000d5954030,0x00000000d5980000)
  to   space 1024K, 0% used [0x00000000d5780000,0x00000000d5780000,0x00000000d5880000)
 ParOldGen       total 528384K, used 494513K [0x0000000080000000, 0x00000000a0400000, 0x00000000d5580000)
  object space 528384K, 93% used [0x0000000080000000,0x000000009e2ec4e0,0x00000000a0400000)
 Metaspace       used 85508K, committed 87168K, reserved 1179648K
  class space    used 8956K, committed 9664K, reserved 1048576K
}
Event: 4450.329 GC heap after
{Heap after GC invocations=1219 (full 4):
 PSYoungGen      total 3072K, used 688K [0x00000000d5580000, 0x00000000d5a00000, 0x0000000100000000)
  eden space 2048K, 0% used [0x00000000d5580000,0x00000000d5580000,0x00000000d5780000)
  from space 1024K, 67% used [0x00000000d5780000,0x00000000d582c010,0x00000000d5880000)
  to   space 1024K, 0% used [0x00000000d5900000,0x00000000d5900000,0x00000000d5a00000)
 ParOldGen       total 528384K, used 495289K [0x0000000080000000, 0x00000000a0400000, 0x00000000d5580000)
  object space 528384K, 93% used [0x0000000080000000,0x000000009e3ae510,0x00000000a0400000)
 Metaspace       used 85508K, committed 87168K, reserved 1179648K
  class space    used 8956K, committed 9664K, reserved 1048576K
}

